0 info it worked if it ends with ok
1 verbose cli [ 'node', '/usr/local/bin/npm', 'install', '--save', 'passportjs' ]
2 info using npm@1.4.28
3 info using node@v0.10.32
4 warn package.json finalProject@ No description
5 warn package.json finalProject@ No repository field.
6 warn package.json finalProject@ No README data
7 warn package.json path@0.4.9 path is also the name of a node core module.
8 verbose readDependencies using package.json deps
9 verbose cache add [ 'passportjs', null ]
10 verbose cache add name=undefined spec="passportjs" args=["passportjs",null]
11 verbose parsed url { protocol: null,
11 verbose parsed url   slashes: null,
11 verbose parsed url   auth: null,
11 verbose parsed url   host: null,
11 verbose parsed url   port: null,
11 verbose parsed url   hostname: null,
11 verbose parsed url   hash: null,
11 verbose parsed url   search: null,
11 verbose parsed url   query: null,
11 verbose parsed url   pathname: 'passportjs',
11 verbose parsed url   path: 'passportjs',
11 verbose parsed url   href: 'passportjs' }
12 silly lockFile 8dbf0c64-passportjs passportjs
13 verbose lock passportjs /Users/tien/.npm/8dbf0c64-passportjs.lock
14 silly lockFile 8dbf0c64-passportjs passportjs
15 silly lockFile 8dbf0c64-passportjs passportjs
16 verbose addNamed [ 'passportjs', '' ]
17 verbose addNamed [ null, '*' ]
18 silly lockFile 833866c0-passportjs passportjs@
19 verbose lock passportjs@ /Users/tien/.npm/833866c0-passportjs.lock
20 silly addNameRange { name: 'passportjs', range: '*', hasData: false }
21 verbose request where is /passportjs
22 verbose request registry https://registry.npmjs.org/
23 verbose request id d5f0e3b14d133c07
24 verbose url raw /passportjs
25 verbose url resolving [ 'https://registry.npmjs.org/', './passportjs' ]
26 verbose url resolved https://registry.npmjs.org/passportjs
27 verbose request where is https://registry.npmjs.org/passportjs
28 info trying registry request attempt 1 at 17:05:31
29 http GET https://registry.npmjs.org/passportjs
30 http 404 https://registry.npmjs.org/passportjs
31 verbose headers { date: 'Sat, 08 Nov 2014 01:05:30 GMT',
31 verbose headers   server: 'CouchDB/1.5.0 (Erlang OTP/R16B03)',
31 verbose headers   'content-type': 'application/json',
31 verbose headers   'cache-control': 'max-age=0',
31 verbose headers   'content-length': '52',
31 verbose headers   'accept-ranges': 'bytes',
31 verbose headers   via: '1.1 varnish',
31 verbose headers   age: '0',
31 verbose headers   'x-served-by': 'cache-lax1433-LAX',
31 verbose headers   'x-cache': 'MISS',
31 verbose headers   'x-cache-hits': '0',
31 verbose headers   'x-timer': 'S1415408730.515340,VS0,VE43',
31 verbose headers   'keep-alive': 'timeout=10, max=50',
31 verbose headers   connection: 'Keep-Alive' }
32 silly registry.get cb [ 404,
32 silly registry.get   { date: 'Sat, 08 Nov 2014 01:05:30 GMT',
32 silly registry.get     server: 'CouchDB/1.5.0 (Erlang OTP/R16B03)',
32 silly registry.get     'content-type': 'application/json',
32 silly registry.get     'cache-control': 'max-age=0',
32 silly registry.get     'content-length': '52',
32 silly registry.get     'accept-ranges': 'bytes',
32 silly registry.get     via: '1.1 varnish',
32 silly registry.get     age: '0',
32 silly registry.get     'x-served-by': 'cache-lax1433-LAX',
32 silly registry.get     'x-cache': 'MISS',
32 silly registry.get     'x-cache-hits': '0',
32 silly registry.get     'x-timer': 'S1415408730.515340,VS0,VE43',
32 silly registry.get     'keep-alive': 'timeout=10, max=50',
32 silly registry.get     connection: 'Keep-Alive' } ]
33 silly lockFile 833866c0-passportjs passportjs@
34 silly lockFile 833866c0-passportjs passportjs@
35 error 404 404 Not Found: passportjs
35 error 404
35 error 404 'passportjs' is not in the npm registry.
35 error 404 You should bug the author to publish it
35 error 404 It was specified as a dependency of 'finalProject'
35 error 404
35 error 404 Note that you can also install from a
35 error 404 tarball, folder, or http url, or git url.
36 error System Darwin 13.3.0
37 error command "node" "/usr/local/bin/npm" "install" "--save" "passportjs"
38 error cwd /Users/tien/Documents/cmpt470/5guys-project/final_project
39 error node -v v0.10.32
40 error npm -v 1.4.28
41 error code E404
42 verbose exit [ 1, true ]
